\BOOKMARK [1][-]{section.1}{\376\377\000I\000n\000t\000r\000o\000d\000u\000c\000t\000i\000o\000n}{}% 1
\BOOKMARK [1][-]{section.2}{\376\377\000G\000e\000t\000t\000i\000n\000g\000\040\000S\000t\000a\000r\000t\000e\000d}{}% 2
\BOOKMARK [2][-]{subsection.2.1}{\376\377\000I\000n\000s\000t\000a\000l\000l\000a\000t\000i\000o\000n}{section.2}% 3
\BOOKMARK [2][-]{subsection.2.2}{\376\377\000B\000a\000s\000i\000c\000\040\000I\000m\000p\000o\000r\000t}{section.2}% 4
\BOOKMARK [1][-]{section.3}{\376\377\000C\000o\000r\000e\000\040\000D\000a\000t\000a\000\040\000M\000o\000d\000e\000l\000s}{}% 5
\BOOKMARK [2][-]{subsection.3.1}{\376\377\000H\000e\000a\000l\000t\000h\000D\000a\000t\000a}{section.3}% 6
\BOOKMARK [3][-]{subsubsection.3.1.1}{\376\377\000S\000t\000r\000u\000c\000t\000u\000r\000e}{subsection.3.1}% 7
\BOOKMARK [3][-]{subsubsection.3.1.2}{\376\377\000K\000e\000y\000\040\000M\000e\000t\000h\000o\000d\000s}{subsection.3.1}% 8
\BOOKMARK [3][-]{subsubsection.3.1.3}{\376\377\000E\000x\000a\000m\000p\000l\000e\000\040\000U\000s\000a\000g\000e}{subsection.3.1}% 9
\BOOKMARK [2][-]{subsection.3.2}{\376\377\000F\000o\000o\000d\000\040\000a\000n\000d\000\040\000N\000u\000t\000r\000i\000e\000n\000t\000\040\000M\000o\000d\000e\000l\000s}{section.3}% 10
\BOOKMARK [3][-]{subsubsection.3.2.1}{\376\377\000F\000o\000o\000d}{subsection.3.2}% 11
\BOOKMARK [3][-]{subsubsection.3.2.2}{\376\377\000N\000u\000t\000r\000i\000e\000n\000t\000C\000o\000n\000t\000e\000n\000t}{subsection.3.2}% 12
\BOOKMARK [1][-]{section.4}{\376\377\000D\000i\000e\000t\000\040\000S\000o\000l\000v\000e\000r}{}% 13
\BOOKMARK [2][-]{subsection.4.1}{\376\377\000D\000i\000e\000t\000S\000o\000l\000v\000e\000r\000\040\000C\000l\000a\000s\000s}{section.4}% 14
\BOOKMARK [3][-]{subsubsection.4.1.1}{\376\377\000I\000n\000i\000t\000i\000a\000l\000i\000z\000a\000t\000i\000o\000n}{subsection.4.1}% 15
\BOOKMARK [3][-]{subsubsection.4.1.2}{\376\377\000M\000a\000i\000n\000\040\000M\000e\000t\000h\000o\000d}{subsection.4.1}% 16
\BOOKMARK [3][-]{subsubsection.4.1.3}{\376\377\000E\000x\000a\000m\000p\000l\000e\000\040\000U\000s\000a\000g\000e}{subsection.4.1}% 17
\BOOKMARK [2][-]{subsection.4.2}{\376\377\000D\000a\000i\000l\000y\000D\000i\000e\000t\000P\000l\000a\000n}{section.4}% 18
\BOOKMARK [1][-]{section.5}{\376\377\000E\000x\000e\000r\000c\000i\000s\000e\000\040\000P\000l\000a\000n\000n\000i\000n\000g}{}% 19
\BOOKMARK [2][-]{subsection.5.1}{\376\377\000E\000x\000e\000r\000c\000i\000s\000e\000P\000l\000a\000n\000n\000e\000r\000\040\000C\000l\000a\000s\000s}{section.5}% 20
\BOOKMARK [3][-]{subsubsection.5.1.1}{\376\377\000I\000n\000i\000t\000i\000a\000l\000i\000z\000a\000t\000i\000o\000n}{subsection.5.1}% 21
\BOOKMARK [3][-]{subsubsection.5.1.2}{\376\377\000K\000e\000y\000\040\000M\000e\000t\000h\000o\000d\000s}{subsection.5.1}% 22
\BOOKMARK [3][-]{subsubsection.5.1.3}{\376\377\000E\000x\000e\000r\000c\000i\000s\000e\000G\000o\000a\000l\000s}{subsection.5.1}% 23
\BOOKMARK [3][-]{subsubsection.5.1.4}{\376\377\000E\000x\000a\000m\000p\000l\000e\000\040\000U\000s\000a\000g\000e}{subsection.5.1}% 24
\BOOKMARK [1][-]{section.6}{\376\377\000M\000e\000d\000i\000c\000a\000l\000\040\000T\000e\000s\000t\000\040\000A\000n\000a\000l\000y\000s\000i\000s}{}% 25
\BOOKMARK [2][-]{subsection.6.1}{\376\377\000M\000e\000d\000i\000c\000a\000l\000A\000n\000a\000l\000y\000z\000e\000r\000\040\000C\000l\000a\000s\000s}{section.6}% 26
\BOOKMARK [3][-]{subsubsection.6.1.1}{\376\377\000I\000n\000i\000t\000i\000a\000l\000i\000z\000a\000t\000i\000o\000n}{subsection.6.1}% 27
\BOOKMARK [3][-]{subsubsection.6.1.2}{\376\377\000K\000e\000y\000\040\000M\000e\000t\000h\000o\000d\000s}{subsection.6.1}% 28
\BOOKMARK [2][-]{subsection.6.2}{\376\377\000M\000e\000d\000i\000c\000a\000l\000\040\000T\000e\000s\000t\000\040\000M\000o\000d\000e\000l\000s}{section.6}% 29
\BOOKMARK [3][-]{subsubsection.6.2.1}{\376\377\000B\000l\000o\000o\000d\000T\000e\000s\000t}{subsection.6.2}% 30
\BOOKMARK [3][-]{subsubsection.6.2.2}{\376\377\000E\000x\000a\000m\000p\000l\000e\000\040\000U\000s\000a\000g\000e}{subsection.6.2}% 31
\BOOKMARK [1][-]{section.7}{\376\377\000C\000o\000g\000n\000i\000t\000i\000v\000e\000\040\000A\000s\000s\000e\000s\000s\000m\000e\000n\000t}{}% 32
\BOOKMARK [2][-]{subsection.7.1}{\376\377\000C\000o\000g\000n\000i\000t\000i\000v\000e\000A\000n\000a\000l\000y\000z\000e\000r\000\040\000C\000l\000a\000s\000s}{section.7}% 33
\BOOKMARK [3][-]{subsubsection.7.1.1}{\376\377\000I\000n\000i\000t\000i\000a\000l\000i\000z\000a\000t\000i\000o\000n}{subsection.7.1}% 34
\BOOKMARK [3][-]{subsubsection.7.1.2}{\376\377\000K\000e\000y\000\040\000M\000e\000t\000h\000o\000d\000s}{subsection.7.1}% 35
\BOOKMARK [2][-]{subsection.7.2}{\376\377\000C\000o\000g\000n\000i\000t\000i\000v\000e\000A\000s\000s\000e\000s\000s\000m\000e\000n\000t\000\040\000M\000o\000d\000e\000l}{section.7}% 36
\BOOKMARK [3][-]{subsubsection.7.2.1}{\376\377\000E\000x\000a\000m\000p\000l\000e\000\040\000U\000s\000a\000g\000e}{subsection.7.2}% 37
\BOOKMARK [1][-]{section.8}{\376\377\000S\000e\000n\000s\000o\000r\000y\000\040\000H\000e\000a\000l\000t\000h}{}% 38
\BOOKMARK [2][-]{subsection.8.1}{\376\377\000H\000e\000a\000r\000i\000n\000g\000\040\000H\000e\000a\000l\000t\000h}{section.8}% 39
\BOOKMARK [3][-]{subsubsection.8.1.1}{\376\377\000H\000e\000a\000r\000i\000n\000g\000P\000r\000e\000s\000c\000r\000i\000p\000t\000i\000o\000n}{subsection.8.1}% 40
\BOOKMARK [3][-]{subsubsection.8.1.2}{\376\377\000D\000a\000i\000l\000y\000A\000u\000d\000i\000o\000H\000e\000a\000r\000i\000n\000g\000T\000e\000s\000t}{subsection.8.1}% 41
\BOOKMARK [3][-]{subsubsection.8.1.3}{\376\377\000M\000u\000s\000i\000c\000H\000e\000a\000r\000i\000n\000g\000S\000e\000s\000s\000i\000o\000n}{subsection.8.1}% 42
\BOOKMARK [3][-]{subsubsection.8.1.4}{\376\377\000H\000e\000a\000r\000i\000n\000g\000A\000n\000a\000l\000y\000z\000e\000r}{subsection.8.1}% 43
\BOOKMARK [2][-]{subsection.8.2}{\376\377\000V\000i\000s\000i\000o\000n\000\040\000H\000e\000a\000l\000t\000h}{section.8}% 44
\BOOKMARK [3][-]{subsubsection.8.2.1}{\376\377\000V\000i\000s\000i\000o\000n\000P\000r\000e\000s\000c\000r\000i\000p\000t\000i\000o\000n}{subsection.8.2}% 45
\BOOKMARK [3][-]{subsubsection.8.2.2}{\376\377\000D\000a\000i\000l\000y\000V\000i\000s\000i\000o\000n\000C\000h\000e\000c\000k}{subsection.8.2}% 46
\BOOKMARK [2][-]{subsection.8.3}{\376\377\000T\000a\000c\000t\000i\000l\000e\000\040\000H\000e\000a\000l\000t\000h}{section.8}% 47
\BOOKMARK [3][-]{subsubsection.8.3.1}{\376\377\000T\000a\000c\000t\000i\000l\000e\000P\000r\000e\000s\000c\000r\000i\000p\000t\000i\000o\000n}{subsection.8.3}% 48
\BOOKMARK [3][-]{subsubsection.8.3.2}{\376\377\000D\000a\000i\000l\000y\000T\000a\000c\000t\000i\000l\000e\000T\000e\000s\000t}{subsection.8.3}% 49
\BOOKMARK [2][-]{subsection.8.4}{\376\377\000T\000o\000n\000g\000u\000e\000\040\000H\000e\000a\000l\000t\000h}{section.8}% 50
\BOOKMARK [3][-]{subsubsection.8.4.1}{\376\377\000T\000o\000n\000g\000u\000e\000P\000r\000e\000s\000c\000r\000i\000p\000t\000i\000o\000n}{subsection.8.4}% 51
\BOOKMARK [3][-]{subsubsection.8.4.2}{\376\377\000D\000a\000i\000l\000y\000T\000o\000n\000g\000u\000e\000T\000e\000s\000t}{subsection.8.4}% 52
\BOOKMARK [1][-]{section.9}{\376\377\000T\000i\000m\000e\000-\000B\000a\000s\000e\000d\000\040\000P\000l\000a\000n\000n\000i\000n\000g}{}% 53
\BOOKMARK [2][-]{subsection.9.1}{\376\377\000T\000i\000m\000e\000B\000a\000s\000e\000d\000P\000l\000a\000n\000n\000e\000r\000\040\000C\000l\000a\000s\000s}{section.9}% 54
\BOOKMARK [3][-]{subsubsection.9.1.1}{\376\377\000I\000n\000i\000t\000i\000a\000l\000i\000z\000a\000t\000i\000o\000n}{subsection.9.1}% 55
\BOOKMARK [3][-]{subsubsection.9.1.2}{\376\377\000K\000e\000y\000\040\000M\000e\000t\000h\000o\000d\000s}{subsection.9.1}% 56
\BOOKMARK [3][-]{subsubsection.9.1.3}{\376\377\000E\000x\000a\000m\000p\000l\000e\000\040\000U\000s\000a\000g\000e}{subsection.9.1}% 57
\BOOKMARK [1][-]{section.10}{\376\377\000L\000o\000n\000g\000-\000T\000e\000r\000m\000\040\000P\000l\000a\000n\000n\000i\000n\000g}{}% 58
\BOOKMARK [2][-]{subsection.10.1}{\376\377\000L\000o\000n\000g\000T\000e\000r\000m\000P\000l\000a\000n\000n\000e\000r\000\040\000C\000l\000a\000s\000s}{section.10}% 59
\BOOKMARK [3][-]{subsubsection.10.1.1}{\376\377\000I\000n\000i\000t\000i\000a\000l\000i\000z\000a\000t\000i\000o\000n}{subsection.10.1}% 60
\BOOKMARK [3][-]{subsubsection.10.1.2}{\376\377\000K\000e\000y\000\040\000M\000e\000t\000h\000o\000d\000s}{subsection.10.1}% 61
\BOOKMARK [3][-]{subsubsection.10.1.3}{\376\377\000P\000l\000a\000n\000D\000u\000r\000a\000t\000i\000o\000n}{subsection.10.1}% 62
\BOOKMARK [3][-]{subsubsection.10.1.4}{\376\377\000P\000l\000a\000n\000D\000i\000f\000f\000i\000c\000u\000l\000t\000y}{subsection.10.1}% 63
\BOOKMARK [3][-]{subsubsection.10.1.5}{\376\377\000E\000x\000a\000m\000p\000l\000e\000\040\000U\000s\000a\000g\000e}{subsection.10.1}% 64
\BOOKMARK [1][-]{section.11}{\376\377\000J\000o\000u\000r\000n\000a\000l\000\040\000A\000n\000a\000l\000y\000s\000i\000s}{}% 65
\BOOKMARK [2][-]{subsection.11.1}{\376\377\000J\000o\000u\000r\000n\000a\000l\000A\000n\000a\000l\000y\000z\000e\000r\000\040\000C\000l\000a\000s\000s}{section.11}% 66
\BOOKMARK [3][-]{subsubsection.11.1.1}{\376\377\000I\000n\000i\000t\000i\000a\000l\000i\000z\000a\000t\000i\000o\000n}{subsection.11.1}% 67
\BOOKMARK [3][-]{subsubsection.11.1.2}{\376\377\000K\000e\000y\000\040\000M\000e\000t\000h\000o\000d\000s}{subsection.11.1}% 68
\BOOKMARK [3][-]{subsubsection.11.1.3}{\376\377\000E\000x\000a\000m\000p\000l\000e\000\040\000U\000s\000a\000g\000e}{subsection.11.1}% 69
\BOOKMARK [1][-]{section.12}{\376\377\000G\000e\000n\000e\000r\000a\000t\000o\000r\000s}{}% 70
\BOOKMARK [2][-]{subsection.12.1}{\376\377\000R\000e\000c\000i\000p\000e\000G\000e\000n\000e\000r\000a\000t\000o\000r}{section.12}% 71
\BOOKMARK [2][-]{subsection.12.2}{\376\377\000N\000u\000t\000r\000i\000t\000i\000o\000n\000F\000a\000c\000t\000s\000G\000e\000n\000e\000r\000a\000t\000o\000r}{section.12}% 72
\BOOKMARK [2][-]{subsection.12.3}{\376\377\000S\000o\000n\000g\000G\000e\000n\000e\000r\000a\000t\000o\000r}{section.12}% 73
\BOOKMARK [1][-]{section.13}{\376\377\000D\000a\000t\000a\000\040\000P\000e\000r\000s\000i\000s\000t\000e\000n\000c\000e}{}% 74
\BOOKMARK [2][-]{subsection.13.1}{\376\377\000E\000n\000c\000o\000d\000i\000n\000g}{section.13}% 75
\BOOKMARK [2][-]{subsection.13.2}{\376\377\000D\000e\000c\000o\000d\000i\000n\000g}{section.13}% 76
\BOOKMARK [1][-]{section.14}{\376\377\000C\000a\000l\000e\000n\000d\000a\000r\000\040\000I\000n\000t\000e\000g\000r\000a\000t\000i\000o\000n}{}% 77
\BOOKMARK [2][-]{subsection.14.1}{\376\377\000C\000a\000l\000e\000n\000d\000a\000r\000S\000c\000h\000e\000d\000u\000l\000e\000r}{section.14}% 78
\BOOKMARK [3][-]{subsubsection.14.1.1}{\376\377\000I\000n\000i\000t\000i\000a\000l\000i\000z\000a\000t\000i\000o\000n}{subsection.14.1}% 79
\BOOKMARK [3][-]{subsubsection.14.1.2}{\376\377\000K\000e\000y\000\040\000M\000e\000t\000h\000o\000d\000s}{subsection.14.1}% 80
\BOOKMARK [1][-]{section.15}{\376\377\000B\000e\000s\000t\000\040\000P\000r\000a\000c\000t\000i\000c\000e\000s}{}% 81
\BOOKMARK [2][-]{subsection.15.1}{\376\377\000H\000e\000a\000l\000t\000h\000\040\000D\000a\000t\000a\000\040\000M\000a\000n\000a\000g\000e\000m\000e\000n\000t}{section.15}% 82
\BOOKMARK [2][-]{subsection.15.2}{\376\377\000O\000p\000t\000i\000m\000i\000z\000a\000t\000i\000o\000n}{section.15}% 83
\BOOKMARK [2][-]{subsection.15.3}{\376\377\000D\000a\000t\000a\000\040\000P\000e\000r\000s\000i\000s\000t\000e\000n\000c\000e}{section.15}% 84
\BOOKMARK [1][-]{section.16}{\376\377\000A\000P\000I\000\040\000R\000e\000f\000e\000r\000e\000n\000c\000e\000\040\000S\000u\000m\000m\000a\000r\000y}{}% 85
\BOOKMARK [2][-]{subsection.16.1}{\376\377\000C\000o\000r\000e\000\040\000C\000l\000a\000s\000s\000e\000s}{section.16}% 86
\BOOKMARK [2][-]{subsection.16.2}{\376\377\000K\000e\000y\000\040\000D\000a\000t\000a\000\040\000M\000o\000d\000e\000l\000s}{section.16}% 87
\BOOKMARK [1][-]{section.17}{\376\377\000C\000o\000m\000p\000l\000e\000t\000e\000\040\000W\000o\000r\000k\000f\000l\000o\000w\000\040\000E\000x\000a\000m\000p\000l\000e}{}% 88
\BOOKMARK [1][-]{section.18}{\376\377\000T\000r\000o\000u\000b\000l\000e\000s\000h\000o\000o\000t\000i\000n\000g}{}% 89
\BOOKMARK [2][-]{subsection.18.1}{\376\377\000C\000o\000m\000m\000o\000n\000\040\000I\000s\000s\000u\000e\000s}{section.18}% 90
\BOOKMARK [3][-]{subsubsection.18.1.1}{\376\377\000D\000i\000e\000t\000\040\000O\000p\000t\000i\000m\000i\000z\000a\000t\000i\000o\000n\000\040\000F\000a\000i\000l\000s}{subsection.18.1}% 91
\BOOKMARK [3][-]{subsubsection.18.1.2}{\376\377\000E\000x\000e\000r\000c\000i\000s\000e\000\040\000R\000e\000c\000o\000m\000m\000e\000n\000d\000a\000t\000i\000o\000n\000s\000\040\000M\000i\000s\000s\000i\000n\000g}{subsection.18.1}% 92
\BOOKMARK [3][-]{subsubsection.18.1.3}{\376\377\000M\000e\000d\000i\000c\000a\000l\000\040\000A\000n\000a\000l\000y\000s\000i\000s\000\040\000E\000r\000r\000o\000r\000s}{subsection.18.1}% 93
\BOOKMARK [1][-]{section.19}{\376\377\000C\000o\000n\000c\000l\000u\000s\000i\000o\000n}{}% 94
